2020-04-29 18:57:02 4968 [Note] InnoDB: Mutexes and rw_locks use Windows interlocked functions
2020-04-29 18:57:02 4968 [Note] InnoDB: Uses event mutexes
2020-04-29 18:57:02 4968 [Note] InnoDB: Compressed tables use zlib 1.2.3
2020-04-29 18:57:02 4968 [Note] InnoDB: Number of pools: 1
2020-04-29 18:57:02 4968 [Note] InnoDB: Using SSE2 crc32 instructions
2020-04-29 18:57:02 4968 [Note] InnoDB: Initializing buffer pool, total size = 128M, instances = 1, chunk size = 128M
2020-04-29 18:57:02 4968 [Note] InnoDB: Completed initialization of buffer pool
2020-04-29 18:57:02 4968 [Note] InnoDB: The first innodb_system data file 'ibdata1' did not exist. A new tablespace will be created!
2020-04-29 18:57:02 4968 [Note] InnoDB: Setting file '.\ibdata1' size to 12 MB. Physically writing the file full; Please wait ...
2020-04-29 18:57:02 4968 [Note] InnoDB: File '.\ibdata1' size is now 12 MB.
2020-04-29 18:57:02 4968 [Note] InnoDB: Setting log file .\ib_logfile101 size to 50331648 bytes
2020-04-29 18:57:02 4968 [Note] InnoDB: Setting log file .\ib_logfile1 size to 50331648 bytes
2020-04-29 18:57:02 4968 [Note] InnoDB: Renaming log file .\ib_logfile101 to .\ib_logfile0
2020-04-29 18:57:02 4968 [Note] InnoDB: New log files created, LSN=45790
2020-04-29 18:57:02 4968 [Note] InnoDB: Doublewrite buffer not found: creating new
2020-04-29 18:57:02 4968 [Note] InnoDB: Doublewrite buffer created
2020-04-29 18:57:02 4968 [Note] InnoDB: 128 out of 128 rollback segments are active.
2020-04-29 18:57:02 4968 [Note] InnoDB: Creating foreign key constraint system tables.
2020-04-29 18:57:02 4968 [Note] InnoDB: Creating tablespace and datafile system tables.
2020-04-29 18:57:02 4968 [Note] InnoDB: Creating sys_virtual system tables.
2020-04-29 18:57:02 4968 [Note] InnoDB: Creating shared tablespace for temporary tables
2020-04-29 18:57:02 4968 [Note] InnoDB: Setting file '.\ibtmp1' size to 12 MB. Physically writing the file full; Please wait ...
2020-04-29 18:57:02 4968 [Note] InnoDB: File '.\ibtmp1' size is now 12 MB.
2020-04-29 18:57:02 4968 [Note] InnoDB: Waiting for purge to start
2020-04-29 18:57:02 4968 [Note] InnoDB: 5.7.20 started; log sequence number 0
2020-04-29 18:57:02 4968 [Note] Plugin 'FEEDBACK' is disabled.
2020-04-29 18:58:10 18284 [Note] InnoDB: Mutexes and rw_locks use Windows interlocked functions
2020-04-29 18:58:10 18284 [Note] InnoDB: Uses event mutexes
2020-04-29 18:58:10 18284 [Note] InnoDB: Compressed tables use zlib 1.2.3
2020-04-29 18:58:10 18284 [Note] InnoDB: Number of pools: 1
2020-04-29 18:58:10 18284 [Note] InnoDB: Using SSE2 crc32 instructions
2020-04-29 18:58:10 18284 [Note] InnoDB: Initializing buffer pool, total size = 128M, instances = 1, chunk size = 128M
2020-04-29 18:58:10 18284 [Note] InnoDB: Completed initialization of buffer pool
2020-04-29 18:58:10 18284 [Note] InnoDB: Highest supported file format is Barracuda.
2020-04-29 18:58:10 18284 [Note] InnoDB: 128 out of 128 rollback segments are active.
2020-04-29 18:58:10 18284 [Note] InnoDB: Creating shared tablespace for temporary tables
2020-04-29 18:58:10 18284 [Note] InnoDB: Setting file '.\ibtmp1' size to 12 MB. Physically writing the file full; Please wait ...
2020-04-29 18:58:10 18284 [Note] InnoDB: File '.\ibtmp1' size is now 12 MB.
2020-04-29 18:58:10 18284 [Note] InnoDB: Waiting for purge to start
2020-04-29 18:58:10 18284 [Note] InnoDB: 5.7.20 started; log sequence number 1620006
2020-04-29 18:58:10 18692 [Note] InnoDB: Loading buffer pool(s) from C:\Github\Repository\1DV508\rona\DB\ib_buffer_pool
2020-04-29 18:58:10 18692 [Note] InnoDB: Buffer pool(s) load completed at 200429 18:58:10
2020-04-29 18:58:10 18284 [Note] Plugin 'FEEDBACK' is disabled.
2020-04-29 19:00:44 9892 [Note] InnoDB: Mutexes and rw_locks use Windows interlocked functions
2020-04-29 19:00:44 9892 [Note] InnoDB: Uses event mutexes
2020-04-29 19:00:44 9892 [Note] InnoDB: Compressed tables use zlib 1.2.3
2020-04-29 19:00:44 9892 [Note] InnoDB: Number of pools: 1
2020-04-29 19:00:44 9892 [Note] InnoDB: Using SSE2 crc32 instructions
2020-04-29 19:00:44 9892 [Note] InnoDB: Initializing buffer pool, total size = 128M, instances = 1, chunk size = 128M
2020-04-29 19:00:44 9892 [Note] InnoDB: Completed initialization of buffer pool
2020-04-29 19:00:44 9892 [Note] InnoDB: Highest supported file format is Barracuda.
2020-04-29 19:00:44 9892 [Note] InnoDB: 128 out of 128 rollback segments are active.
2020-04-29 19:00:44 9892 [Note] InnoDB: Creating shared tablespace for temporary tables
2020-04-29 19:00:44 9892 [Note] InnoDB: Setting file '.\ibtmp1' size to 12 MB. Physically writing the file full; Please wait ...
2020-04-29 19:00:44 9892 [Note] InnoDB: File '.\ibtmp1' size is now 12 MB.
2020-04-29 19:00:44 9892 [Note] InnoDB: Waiting for purge to start
2020-04-29 19:00:44 9892 [Note] InnoDB: 5.7.20 started; log sequence number 1620044
2020-04-29 19:00:44 4860 [Note] InnoDB: Loading buffer pool(s) from C:\Github\Repository\1DV508\rona\DB\ib_buffer_pool
2020-04-29 19:00:44 4860 [Note] InnoDB: Buffer pool(s) load completed at 200429 19:00:44
2020-04-29 19:00:44 9892 [Note] Plugin 'FEEDBACK' is disabled.
